# vsim shallow -l shallow_copy.log -c -do "run -all;quit;" 
# Start time: 03:54:54 on Sep 20,2022
# ** Note: (vsim-3812) Design is being optimized...
# //  Questa Sim
# //  Version 10.6c linux Jul 25 2017
# //
# //  Copyright 1991-2017 Mentor Graphics Corporation
# //  All Rights Reserved.
# //
# //  QuestaSim and its associated documentation contain trade
# //  secrets and commercial or financial information that are the property of
# //  Mentor Graphics Corporation and are privileged, confidential,
# //  and exempt from disclosure under the Freedom of Information Act,
# //  5 U.S.C. Section 552. Furthermore, this information
# //  is prohibited from disclosure under the Trade Secrets Act,
# //  18 U.S.C. Section 1905.
# //
# Loading sv_std.std
# Loading work.shallow_copy_sv_unit(fast)
# Loading work.shallow(fast)
# run -all
# contents of p1
# 	 c=35
# 	 d=79
# 	 a=25
# 	 b=56
# contents of p2
# 	 c=35
# 	 d=79
# 	 a=25
# 	 b=56
# diplay contents of p1
# 	 c=35
# 	 d=79
# 	 a=60
# 	 b=90
# diplay contents of p2
# 	 c=56
# 	 d=79
# 	 a=60
# 	 b=90
# quit
# End time: 03:54:54 on Sep 20,2022, Elapsed time: 0:00:00
# Errors: 0, Warnings: 0
