# vsim scanf -l file_scanf.log -c -do "run -all;quit;" 
# Start time: 23:21:59 on Oct 08,2022
# ** Note: (vsim-3812) Design is being optimized...
# //  Questa Sim
# //  Version 10.6c linux Jul 25 2017
# //
# //  Copyright 1991-2017 Mentor Graphics Corporation
# //  All Rights Reserved.
# //
# //  QuestaSim and its associated documentation contain trade
# //  secrets and commercial or financial information that are the property of
# //  Mentor Graphics Corporation and are privileged, confidential,
# //  and exempt from disclosure under the Freedom of Information Act,
# //  5 U.S.C. Section 552. Furthermore, this information
# //  is prohibited from disclosure under the Trade Secrets Act,
# //  18 U.S.C. Section 1905.
# //
# Loading sv_std.std
# Loading work.scanf(fast)
# ** Warning: (vsim-PLI-3691) file_scanf.sv(20): Expected a system task, not a system function '$fscanf'.
#    Time: 0 ns  Iteration: 0  Instance: /scanf File: file_scanf.sv
# ** Warning: (vsim-PLI-3691) file_scanf.sv(23): Expected a system task, not a system function '$fgets'.
#    Time: 0 ns  Iteration: 0  Instance: /scanf File: file_scanf.sv
# ** Warning: (vsim-PLI-3691) file_scanf.sv(31): Expected a system task, not a system function '$fgets'.
#    Time: 0 ns  Iteration: 0  Instance: /scanf File: file_scanf.sv
# ** Warning: (vsim-PLI-3691) file_scanf.sv(32): Expected a system task, not a system function '$sscanf'.
#    Time: 0 ns  Iteration: 0  Instance: /scanf File: file_scanf.sv
# run -all
# 
# contents of fscanf
# str = bhavana
# 
# 
# contents of fscanf
# str = sandrala
# 
# contents of sscanf
# str = c
# 
# str2 = c
# 
# quit
# End time: 23:22:00 on Oct 08,2022, Elapsed time: 0:00:01
# Errors: 0, Warnings: 4
